{"/Users/gary/git/snake-game/common/game-engine/GameEngine.ts": {"path":"/Users/gary/git/snake-game/common/game-engine/GameEngine.ts","statementMap":{"0":{"start":{"line":1,"column":0},"end":{"line":1,"column":74}},"1":{"start":{"line":6,"column":10},"end":{"line":6,"column":43}},"2":{"start":{"line":7,"column":10},"end":{"line":7,"column":68}},"3":{"start":{"line":10,"column":4},"end":{"line":10,"column":25}},"4":{"start":{"line":11,"column":4},"end":{"line":11,"column":43}},"5":{"start":{"line":15,"column":21},"end":{"line":15,"column":41}},"6":{"start":{"line":16,"column":19},"end":{"line":16,"column":43}},"7":{"start":{"line":17,"column":4},"end":{"line":26,"column":6}},"8":{"start":{"line":30,"column":21},"end":{"line":30,"column":41}},"9":{"start":{"line":32,"column":21},"end":{"line":32,"column":61}},"10":{"start":{"line":32,"column":44},"end":{"line":32,"column":59}},"11":{"start":{"line":34,"column":4},"end":{"line":39,"column":56}},"12":{"start":{"line":35,"column":6},"end":{"line":38,"column":8}},"13":{"start":{"line":41,"column":4},"end":{"line":41,"column":19}},"14":{"start":{"line":45,"column":4},"end":{"line":45,"column":52}},"15":{"start":{"line":50,"column":4},"end":{"line":57,"column":5}},"16":{"start":{"line":56,"column":6},"end":{"line":56,"column":18}},"17":{"start":{"line":60,"column":21},"end":{"line":60,"column":74}},"18":{"start":{"line":60,"column":57},"end":{"line":60,"column":72}},"19":{"start":{"line":61,"column":4},"end":{"line":61,"column":47}},"20":{"start":{"line":65,"column":4},"end":{"line":65,"column":34}},"21":{"start":{"line":69,"column":4},"end":{"line":69,"column":37}},"22":{"start":{"line":73,"column":4},"end":{"line":73,"column":29}},"23":{"start":{"line":77,"column":4},"end":{"line":79,"column":5}},"24":{"start":{"line":78,"column":6},"end":{"line":78,"column":45}},"25":{"start":{"line":80,"column":4},"end":{"line":80,"column":32}},"26":{"start":{"line":81,"column":4},"end":{"line":81,"column":29}},"27":{"start":{"line":83,"column":4},"end":{"line":85,"column":5}},"28":{"start":{"line":84,"column":6},"end":{"line":84,"column":37}},"29":{"start":{"line":86,"column":4},"end":{"line":86,"column":80}},"30":{"start":{"line":86,"column":47},"end":{"line":86,"column":60}},"31":{"start":{"line":90,"column":4},"end":{"line":90,"column":31}},"32":{"start":{"line":91,"column":4},"end":{"line":91,"column":29}},"33":{"start":{"line":92,"column":4},"end":{"line":95,"column":5}},"34":{"start":{"line":93,"column":6},"end":{"line":93,"column":37}},"35":{"start":{"line":94,"column":6},"end":{"line":94,"column":29}},"36":{"start":{"line":99,"column":4},"end":{"line":99,"column":62}},"37":{"start":{"line":99,"column":55},"end":{"line":99,"column":62}},"38":{"start":{"line":100,"column":4},"end":{"line":100,"column":32}},"39":{"start":{"line":101,"column":4},"end":{"line":101,"column":29}},"40":{"start":{"line":102,"column":4},"end":{"line":102,"column":80}},"41":{"start":{"line":102,"column":47},"end":{"line":102,"column":60}},"42":{"start":{"line":106,"column":4},"end":{"line":108,"column":5}},"43":{"start":{"line":107,"column":6},"end":{"line":107,"column":13}},"44":{"start":{"line":109,"column":4},"end":{"line":109,"column":37}},"45":{"start":{"line":110,"column":4},"end":{"line":110,"column":29}},"46":{"start":{"line":114,"column":4},"end":{"line":114,"column":61}},"47":{"start":{"line":114,"column":54},"end":{"line":114,"column":61}},"48":{"start":{"line":116,"column":17},"end":{"line":116,"column":36}},"49":{"start":{"line":117,"column":30},"end":{"line":120,"column":6}},"50":{"start":{"line":122,"column":4},"end":{"line":133,"column":5}},"51":{"start":{"line":123,"column":6},"end":{"line":123,"column":35}},"52":{"start":{"line":124,"column":6},"end":{"line":126,"column":7}},"53":{"start":{"line":125,"column":8},"end":{"line":125,"column":48}},"54":{"start":{"line":127,"column":6},"end":{"line":130,"column":7}},"55":{"start":{"line":128,"column":8},"end":{"line":128,"column":39}},"56":{"start":{"line":129,"column":8},"end":{"line":129,"column":31}},"57":{"start":{"line":131,"column":6},"end":{"line":131,"column":31}},"58":{"start":{"line":132,"column":6},"end":{"line":132,"column":13}},"59":{"start":{"line":135,"column":21},"end":{"line":135,"column":51}},"60":{"start":{"line":138,"column":4},"end":{"line":152,"column":5}},"61":{"start":{"line":139,"column":6},"end":{"line":139,"column":29}},"62":{"start":{"line":141,"column":6},"end":{"line":141,"column":85}},"63":{"start":{"line":144,"column":6},"end":{"line":147,"column":7}},"64":{"start":{"line":145,"column":8},"end":{"line":145,"column":39}},"65":{"start":{"line":146,"column":8},"end":{"line":146,"column":84}},"66":{"start":{"line":146,"column":51},"end":{"line":146,"column":64}},"67":{"start":{"line":149,"column":6},"end":{"line":149,"column":52}},"68":{"start":{"line":151,"column":6},"end":{"line":151,"column":21}},"69":{"start":{"line":154,"column":4},"end":{"line":154,"column":32}},"70":{"start":{"line":155,"column":4},"end":{"line":155,"column":29}},"71":{"start":{"line":159,"column":4},"end":{"line":162,"column":5}},"72":{"start":{"line":160,"column":6},"end":{"line":160,"column":37}},"73":{"start":{"line":161,"column":6},"end":{"line":161,"column":29}},"74":{"start":{"line":163,"column":4},"end":{"line":163,"column":43}},"75":{"start":{"line":164,"column":4},"end":{"line":164,"column":29}},"76":{"start":{"line":168,"column":4},"end":{"line":171,"column":5}},"77":{"start":{"line":169,"column":6},"end":{"line":169,"column":37}},"78":{"start":{"line":170,"column":6},"end":{"line":170,"column":29}},"79":{"start":{"line":3,"column":0},"end":{"line":3,"column":13}}},"fnMap":{"0":{"name":"(anonymous_0)","decl":{"start":{"line":9,"column":2},"end":{"line":9,"column":14}},"loc":{"start":{"line":9,"column":49},"end":{"line":12,"column":3}}},"1":{"name":"(anonymous_1)","decl":{"start":{"line":14,"column":10},"end":{"line":14,"column":28}},"loc":{"start":{"line":14,"column":28},"end":{"line":27,"column":3}}},"2":{"name":"(anonymous_2)","decl":{"start":{"line":29,"column":10},"end":{"line":29,"column":22}},"loc":{"start":{"line":29,"column":40},"end":{"line":42,"column":3}}},"3":{"name":"(anonymous_3)","decl":{"start":{"line":32,"column":39},"end":{"line":32,"column":40}},"loc":{"start":{"line":32,"column":44},"end":{"line":32,"column":59}}},"4":{"name":"(anonymous_4)","decl":{"start":{"line":44,"column":10},"end":{"line":44,"column":29}},"loc":{"start":{"line":44,"column":60},"end":{"line":46,"column":3}}},"5":{"name":"(anonymous_5)","decl":{"start":{"line":48,"column":10},"end":{"line":48,"column":21}},"loc":{"start":{"line":48,"column":55},"end":{"line":62,"column":3}}},"6":{"name":"(anonymous_6)","decl":{"start":{"line":60,"column":52},"end":{"line":60,"column":53}},"loc":{"start":{"line":60,"column":57},"end":{"line":60,"column":72}}},"7":{"name":"(anonymous_7)","decl":{"start":{"line":64,"column":2},"end":{"line":64,"column":18}},"loc":{"start":{"line":64,"column":55},"end":{"line":66,"column":3}}},"8":{"name":"(anonymous_8)","decl":{"start":{"line":68,"column":10},"end":{"line":68,"column":27}},"loc":{"start":{"line":68,"column":27},"end":{"line":70,"column":3}}},"9":{"name":"(anonymous_9)","decl":{"start":{"line":72,"column":2},"end":{"line":72,"column":10}},"loc":{"start":{"line":72,"column":10},"end":{"line":74,"column":3}}},"10":{"name":"(anonymous_10)","decl":{"start":{"line":76,"column":2},"end":{"line":76,"column":7}},"loc":{"start":{"line":76,"column":7},"end":{"line":87,"column":3}}},"11":{"name":"(anonymous_11)","decl":{"start":{"line":86,"column":41},"end":{"line":86,"column":44}},"loc":{"start":{"line":86,"column":47},"end":{"line":86,"column":60}}},"12":{"name":"(anonymous_12)","decl":{"start":{"line":89,"column":2},"end":{"line":89,"column":7}},"loc":{"start":{"line":89,"column":7},"end":{"line":96,"column":3}}},"13":{"name":"(anonymous_13)","decl":{"start":{"line":98,"column":2},"end":{"line":98,"column":8}},"loc":{"start":{"line":98,"column":8},"end":{"line":103,"column":3}}},"14":{"name":"(anonymous_14)","decl":{"start":{"line":102,"column":41},"end":{"line":102,"column":44}},"loc":{"start":{"line":102,"column":47},"end":{"line":102,"column":60}}},"15":{"name":"(anonymous_15)","decl":{"start":{"line":105,"column":2},"end":{"line":105,"column":14}},"loc":{"start":{"line":105,"column":34},"end":{"line":111,"column":3}}},"16":{"name":"(anonymous_16)","decl":{"start":{"line":113,"column":10},"end":{"line":113,"column":16}},"loc":{"start":{"line":113,"column":16},"end":{"line":156,"column":3}}},"17":{"name":"(anonymous_17)","decl":{"start":{"line":146,"column":45},"end":{"line":146,"column":48}},"loc":{"start":{"line":146,"column":51},"end":{"line":146,"column":64}}},"18":{"name":"(anonymous_18)","decl":{"start":{"line":158,"column":2},"end":{"line":158,"column":7}},"loc":{"start":{"line":158,"column":7},"end":{"line":165,"column":3}}},"19":{"name":"(anonymous_19)","decl":{"start":{"line":167,"column":2},"end":{"line":167,"column":9}},"loc":{"start":{"line":167,"column":9},"end":{"line":172,"column":3}}}},"branchMap":{"0":{"loc":{"start":{"line":9,"column":14},"end":{"line":9,"column":49}},"type":"default-arg","locations":[{"start":{"line":9,"column":35},"end":{"line":9,"column":49}}]},"1":{"loc":{"start":{"line":45,"column":11},"end":{"line":45,"column":51}},"type":"binary-expr","locations":[{"start":{"line":45,"column":11},"end":{"line":45,"column":29}},{"start":{"line":45,"column":33},"end":{"line":45,"column":51}}]},"2":{"loc":{"start":{"line":50,"column":4},"end":{"line":57,"column":5}},"type":"if","locations":[{"start":{"line":50,"column":4},"end":{"line":57,"column":5}},{"start":{},"end":{}}]},"3":{"loc":{"start":{"line":51,"column":6},"end":{"line":54,"column":36}},"type":"binary-expr","locations":[{"start":{"line":51,"column":6},"end":{"line":51,"column":16}},{"start":{"line":52,"column":6},"end":{"line":52,"column":36}},{"start":{"line":53,"column":6},"end":{"line":53,"column":16}},{"start":{"line":54,"column":6},"end":{"line":54,"column":36}}]},"4":{"loc":{"start":{"line":77,"column":4},"end":{"line":79,"column":5}},"type":"if","locations":[{"start":{"line":77,"column":4},"end":{"line":79,"column":5}},{"start":{},"end":{}}]},"5":{"loc":{"start":{"line":83,"column":4},"end":{"line":85,"column":5}},"type":"if","locations":[{"start":{"line":83,"column":4},"end":{"line":85,"column":5}},{"start":{},"end":{}}]},"6":{"loc":{"start":{"line":92,"column":4},"end":{"line":95,"column":5}},"type":"if","locations":[{"start":{"line":92,"column":4},"end":{"line":95,"column":5}},{"start":{},"end":{}}]},"7":{"loc":{"start":{"line":99,"column":4},"end":{"line":99,"column":62}},"type":"if","locations":[{"start":{"line":99,"column":4},"end":{"line":99,"column":62}},{"start":{},"end":{}}]},"8":{"loc":{"start":{"line":99,"column":8},"end":{"line":99,"column":53}},"type":"binary-expr","locations":[{"start":{"line":99,"column":8},"end":{"line":99,"column":28}},{"start":{"line":99,"column":32},"end":{"line":99,"column":53}}]},"9":{"loc":{"start":{"line":106,"column":4},"end":{"line":108,"column":5}},"type":"if","locations":[{"start":{"line":106,"column":4},"end":{"line":108,"column":5}},{"start":{},"end":{}}]},"10":{"loc":{"start":{"line":114,"column":4},"end":{"line":114,"column":61}},"type":"if","locations":[{"start":{"line":114,"column":4},"end":{"line":114,"column":61}},{"start":{},"end":{}}]},"11":{"loc":{"start":{"line":114,"column":8},"end":{"line":114,"column":52}},"type":"binary-expr","locations":[{"start":{"line":114,"column":8},"end":{"line":114,"column":29}},{"start":{"line":114,"column":33},"end":{"line":114,"column":52}}]},"12":{"loc":{"start":{"line":122,"column":4},"end":{"line":133,"column":5}},"type":"if","locations":[{"start":{"line":122,"column":4},"end":{"line":133,"column":5}},{"start":{},"end":{}}]},"13":{"loc":{"start":{"line":124,"column":6},"end":{"line":126,"column":7}},"type":"if","locations":[{"start":{"line":124,"column":6},"end":{"line":126,"column":7}},{"start":{},"end":{}}]},"14":{"loc":{"start":{"line":127,"column":6},"end":{"line":130,"column":7}},"type":"if","locations":[{"start":{"line":127,"column":6},"end":{"line":130,"column":7}},{"start":{},"end":{}}]},"15":{"loc":{"start":{"line":138,"column":4},"end":{"line":152,"column":5}},"type":"if","locations":[{"start":{"line":138,"column":4},"end":{"line":152,"column":5}},{"start":{"line":150,"column":11},"end":{"line":152,"column":5}}]},"16":{"loc":{"start":{"line":138,"column":8},"end":{"line":138,"column":74}},"type":"binary-expr","locations":[{"start":{"line":138,"column":8},"end":{"line":138,"column":39}},{"start":{"line":138,"column":43},"end":{"line":138,"column":74}}]},"17":{"loc":{"start":{"line":144,"column":6},"end":{"line":147,"column":7}},"type":"if","locations":[{"start":{"line":144,"column":6},"end":{"line":147,"column":7}},{"start":{},"end":{}}]},"18":{"loc":{"start":{"line":159,"column":4},"end":{"line":162,"column":5}},"type":"if","locations":[{"start":{"line":159,"column":4},"end":{"line":162,"column":5}},{"start":{},"end":{}}]},"19":{"loc":{"start":{"line":168,"column":4},"end":{"line":171,"column":5}},"type":"if","locations":[{"start":{"line":168,"column":4},"end":{"line":171,"column":5}},{"start":{},"end":{}}]}},"s":{"0":1,"1":25,"2":25,"3":25,"4":25,"5":26,"6":26,"7":26,"8":26,"9":26,"10":26,"11":26,"12":26,"13":26,"14":6,"15":0,"16":0,"17":0,"18":0,"19":0,"20":1,"21":13,"22":23,"23":4,"24":0,"25":4,"26":4,"27":4,"28":0,"29":4,"30":0,"31":2,"32":2,"33":2,"34":2,"35":2,"36":1,"37":0,"38":1,"39":1,"40":1,"41":0,"42":6,"43":1,"44":5,"45":5,"46":0,"47":0,"48":0,"49":0,"50":0,"51":0,"52":0,"53":0,"54":0,"55":0,"56":0,"57":0,"58":0,"59":0,"60":0,"61":0,"62":0,"63":0,"64":0,"65":0,"66":0,"67":0,"68":0,"69":0,"70":0,"71":1,"72":1,"73":1,"74":1,"75":1,"76":11,"77":1,"78":1,"79":1},"f":{"0":25,"1":26,"2":26,"3":26,"4":6,"5":0,"6":0,"7":1,"8":13,"9":23,"10":4,"11":0,"12":2,"13":1,"14":0,"15":6,"16":0,"17":0,"18":1,"19":11},"b":{"0":[0],"1":[6,1],"2":[0,0],"3":[0,0,0,0],"4":[0,4],"5":[0,4],"6":[2,0],"7":[0,1],"8":[1,1],"9":[1,5],"10":[0,0],"11":[0,0],"12":[0,0],"13":[0,0],"14":[0,0],"15":[0,0],"16":[0,0],"17":[0,0],"18":[1,0],"19":[1,10]}}
,"/Users/gary/git/snake-game/common/game-engine/index.ts": {"path":"/Users/gary/git/snake-game/common/game-engine/index.ts","statementMap":{"0":{"start":{"line":1,"column":0},"end":{"line":1,"column":24}},"1":{"start":{"line":2,"column":0},"end":{"line":2,"column":29}}},"fnMap":{},"branchMap":{},"s":{"0":1,"1":1},"f":{},"b":{}}
,"/Users/gary/git/snake-game/common/game-engine/types.ts": {"path":"/Users/gary/git/snake-game/common/game-engine/types.ts","statementMap":{"0":{"start":{"line":29,"column":0},"end":{"line":29,"column":16}},"1":{"start":{"line":23,"column":13},"end":{"line":27,"column":2}},"2":{"start":{"line":30,"column":17},"end":{"line":30,"column":48}},"3":{"start":{"line":31,"column":2},"end":{"line":40,"column":4}}},"fnMap":{"0":{"name":"createInitialState","decl":{"start":{"line":29,"column":16},"end":{"line":29,"column":34}},"loc":{"start":{"line":29,"column":70},"end":{"line":41,"column":1}}}},"branchMap":{"0":{"loc":{"start":{"line":29,"column":35},"end":{"line":29,"column":70}},"type":"default-arg","locations":[{"start":{"line":29,"column":56},"end":{"line":29,"column":70}}]}},"s":{"0":1,"1":1,"2":0,"3":0},"f":{"0":0},"b":{"0":[0]}}
}
