TN:
SF:common/game-engine/GameEngine.ts
FN:9,(anonymous_0)
FN:14,(anonymous_1)
FN:29,(anonymous_2)
FN:32,(anonymous_3)
FN:44,(anonymous_4)
FN:48,(anonymous_5)
FN:60,(anonymous_6)
FN:64,(anonymous_7)
FN:68,(anonymous_8)
FN:72,(anonymous_9)
FN:76,(anonymous_10)
FN:86,(anonymous_11)
FN:89,(anonymous_12)
FN:98,(anonymous_13)
FN:102,(anonymous_14)
FN:105,(anonymous_15)
FN:113,(anonymous_16)
FN:146,(anonymous_17)
FN:158,(anonymous_18)
FN:167,(anonymous_19)
FNF:20
FNH:14
FNDA:25,(anonymous_0)
FNDA:26,(anonymous_1)
FNDA:26,(anonymous_2)
FNDA:26,(anonymous_3)
FNDA:6,(anonymous_4)
FNDA:0,(anonymous_5)
FNDA:0,(anonymous_6)
FNDA:1,(anonymous_7)
FNDA:13,(anonymous_8)
FNDA:23,(anonymous_9)
FNDA:4,(anonymous_10)
FNDA:0,(anonymous_11)
FNDA:2,(anonymous_12)
FNDA:1,(anonymous_13)
FNDA:0,(anonymous_14)
FNDA:6,(anonymous_15)
FNDA:0,(anonymous_16)
FNDA:0,(anonymous_17)
FNDA:1,(anonymous_18)
FNDA:11,(anonymous_19)
DA:1,1
DA:3,1
DA:6,25
DA:7,25
DA:10,25
DA:11,25
DA:15,26
DA:16,26
DA:17,26
DA:30,26
DA:32,26
DA:34,26
DA:35,26
DA:41,26
DA:45,6
DA:50,0
DA:56,0
DA:60,0
DA:61,0
DA:65,1
DA:69,13
DA:73,23
DA:77,4
DA:78,0
DA:80,4
DA:81,4
DA:83,4
DA:84,0
DA:86,4
DA:90,2
DA:91,2
DA:92,2
DA:93,2
DA:94,2
DA:99,1
DA:100,1
DA:101,1
DA:102,1
DA:106,6
DA:107,1
DA:109,5
DA:110,5
DA:114,0
DA:116,0
DA:117,0
DA:122,0
DA:123,0
DA:124,0
DA:125,0
DA:127,0
DA:128,0
DA:129,0
DA:131,0
DA:132,0
DA:135,0
DA:138,0
DA:139,0
DA:141,0
DA:144,0
DA:145,0
DA:146,0
DA:149,0
DA:151,0
DA:154,0
DA:155,0
DA:159,1
DA:160,1
DA:161,1
DA:163,1
DA:164,1
DA:168,11
DA:169,1
DA:170,1
LF:73
LH:44
BRDA:9,0,0,0
BRDA:45,1,0,6
BRDA:45,1,1,1
BRDA:50,2,0,0
BRDA:50,2,1,0
BRDA:51,3,0,0
BRDA:51,3,1,0
BRDA:51,3,2,0
BRDA:51,3,3,0
BRDA:77,4,0,0
BRDA:77,4,1,4
BRDA:83,5,0,0
BRDA:83,5,1,4
BRDA:92,6,0,2
BRDA:92,6,1,0
BRDA:99,7,0,0
BRDA:99,7,1,1
BRDA:99,8,0,1
BRDA:99,8,1,1
BRDA:106,9,0,1
BRDA:106,9,1,5
BRDA:114,10,0,0
BRDA:114,10,1,0
BRDA:114,11,0,0
BRDA:114,11,1,0
BRDA:122,12,0,0
BRDA:122,12,1,0
BRDA:124,13,0,0
BRDA:124,13,1,0
BRDA:127,14,0,0
BRDA:127,14,1,0
BRDA:138,15,0,0
BRDA:138,15,1,0
BRDA:138,16,0,0
BRDA:138,16,1,0
BRDA:144,17,0,0
BRDA:144,17,1,0
BRDA:159,18,0,1
BRDA:159,18,1,0
BRDA:168,19,0,1
BRDA:168,19,1,10
BRF:41
BRH:13
end_of_record
TN:
SF:common/game-engine/index.ts
FNF:0
FNH:0
DA:1,1
DA:2,1
LF:2
LH:2
BRF:0
BRH:0
end_of_record
TN:
SF:common/game-engine/types.ts
FN:29,createInitialState
FNF:1
FNH:0
FNDA:0,createInitialState
DA:23,1
DA:29,1
DA:30,0
DA:31,0
LF:4
LH:2
BRDA:29,0,0,0
BRF:1
BRH:0
end_of_record
